2020-01-13 10:46:10,196 - Left side (${versionFieldName}) of '==' operation has null value. If it is a reference, it may not be in the context or its toString() returned null. /templates/entity.java.vm[line 76, column 26]
2020-01-13 10:46:10,197 - Left side (${logicDeleteFieldName}) of '==' operation has null value. If it is a reference, it may not be in the context or its toString() returned null. /templates/entity.java.vm[line 80, column 30]
2020-01-13 10:46:10,197 - Left side (${versionFieldName}) of '==' operation has null value. If it is a reference, it may not be in the context or its toString() returned null. /templates/entity.java.vm[line 76, column 26]
2020-01-13 10:46:10,197 - Left side (${logicDeleteFieldName}) of '==' operation has null value. If it is a reference, it may not be in the context or its toString() returned null. /templates/entity.java.vm[line 80, column 30]
2020-01-13 10:46:10,305 - Left side (${versionFieldName}) of '==' operation has null value. If it is a reference, it may not be in the context or its toString() returned null. /templates/entity.java.vm[line 76, column 26]
2020-01-13 10:46:10,305 - Left side (${logicDeleteFieldName}) of '==' operation has null value. If it is a reference, it may not be in the context or its toString() returned null. /templates/entity.java.vm[line 80, column 30]
2020-01-13 10:46:10,307 - ResourceManager : found /templates/mapper.java.vm with loader org.apache.velocity.runtime.resource.loader.ClasspathResourceLoader
2020-01-13 10:46:10,311 - ResourceManager : found /templates/mapper.xml.vm with loader org.apache.velocity.runtime.resource.loader.ClasspathResourceLoader
2020-01-13 10:46:10,314 - ResourceManager : found /templates/service.java.vm with loader org.apache.velocity.runtime.resource.loader.ClasspathResourceLoader
2020-01-13 10:46:10,316 - ResourceManager : found /templates/serviceImpl.java.vm with loader org.apache.velocity.runtime.resource.loader.ClasspathResourceLoader
2020-01-13 10:46:10,320 - ResourceManager : found /templates/controller.java.vm with loader org.apache.velocity.runtime.resource.loader.ClasspathResourceLoader
2020-04-01 10:15:54,588 - Log4JLogChute initialized using file 'velocity.log'
2020-04-01 10:15:54,588 - Initializing Velocity, Calling init()...
2020-04-01 10:15:54,589 - Starting Apache Velocity v1.7 (compiled: 2010-11-19 12:14:37)
2020-04-01 10:15:54,589 - Default Properties File: org\apache\velocity\runtime\defaults\velocity.properties
2020-04-01 10:15:54,589 - Trying to use logger class org.apache.velocity.runtime.log.AvalonLogChute
2020-04-01 10:15:54,589 - Target log system for org.apache.velocity.runtime.log.AvalonLogChute is not available (java.lang.NoClassDefFoundError: org/apache/log/format/Formatter).  Falling back to next log system...
2020-04-01 10:15:54,589 - Trying to use logger class org.apache.velocity.runtime.log.Log4JLogChute
2020-04-01 10:15:54,589 - Using logger class org.apache.velocity.runtime.log.Log4JLogChute
2020-04-01 10:15:54,592 - ResourceLoader instantiated: org.apache.velocity.runtime.resource.loader.ClasspathResourceLoader
2020-04-01 10:15:54,613 - ResourceCache: initialized (class org.apache.velocity.runtime.resource.ResourceCacheImpl) with class java.util.Collections$SynchronizedMap cache map.
2020-04-01 10:15:54,615 - Loaded System Directive: org.apache.velocity.runtime.directive.Stop
2020-04-01 10:15:54,616 - Loaded System Directive: org.apache.velocity.runtime.directive.Define
2020-04-01 10:15:54,617 - Loaded System Directive: org.apache.velocity.runtime.directive.Break
2020-04-01 10:15:54,618 - Loaded System Directive: org.apache.velocity.runtime.directive.Evaluate
2020-04-01 10:15:54,622 - Loaded System Directive: org.apache.velocity.runtime.directive.Literal
2020-04-01 10:15:54,623 - Loaded System Directive: org.apache.velocity.runtime.directive.Macro
2020-04-01 10:15:54,625 - Loaded System Directive: org.apache.velocity.runtime.directive.Parse
2020-04-01 10:15:54,626 - Loaded System Directive: org.apache.velocity.runtime.directive.Include
2020-04-01 10:15:54,626 - Loaded System Directive: org.apache.velocity.runtime.directive.Foreach
2020-04-01 10:15:54,658 - Created '20' parsers.
2020-04-01 10:15:54,663 - Velocimacro : "velocimacro.library" is not set.  Trying default library: VM_global_library.vm
2020-04-01 10:15:54,664 - Could not load resource 'VM_global_library.vm' from ResourceLoader org.apache.velocity.runtime.resource.loader.ClasspathResourceLoader: ClasspathResourceLoader Error: cannot find resource VM_global_library.vm
2020-04-01 10:15:54,664 - Velocimacro : Default library not found.
2020-04-01 10:15:54,664 - Velocimacro : allowInline = true : VMs can be defined inline in templates
2020-04-01 10:15:54,664 - Velocimacro : allowInlineToOverride = false : VMs defined inline may NOT replace previous VM definitions
2020-04-01 10:15:54,664 - Velocimacro : allowInlineLocal = false : VMs defined inline will be global in scope if allowed.
2020-04-01 10:15:54,664 - Velocimacro : autoload off : VM system will not automatically reload global library macros
2020-04-01 10:15:54,688 - ResourceManager : found /templates/entity.java.vm with loader org.apache.velocity.runtime.resource.loader.ClasspathResourceLoader
2020-04-01 10:15:54,697 - Left side (${versionFieldName}) of '==' operation has null value. If it is a reference, it may not be in the context or its toString() returned null. /templates/entity.java.vm[line 76, column 26]
2020-04-01 10:15:54,697 - Left side (${logicDeleteFieldName}) of '==' operation has null value. If it is a reference, it may not be in the context or its toString() returned null. /templates/entity.java.vm[line 80, column 30]
2020-04-01 10:15:54,697 - Left side (${versionFieldName}) of '==' operation has null value. If it is a reference, it may not be in the context or its toString() returned null. /templates/entity.java.vm[line 76, column 26]
2020-04-01 10:15:54,697 - Left side (${logicDeleteFieldName}) of '==' operation has null value. If it is a reference, it may not be in the context or its toString() returned null. /templates/entity.java.vm[line 80, column 30]
2020-04-01 10:15:54,697 - Left side (${versionFieldName}) of '==' operation has null value. If it is a reference, it may not be in the context or its toString() returned null. /templates/entity.java.vm[line 76, column 26]
2020-04-01 10:15:54,697 - Left side (${logicDeleteFieldName}) of '==' operation has null value. If it is a reference, it may not be in the context or its toString() returned null. /templates/entity.java.vm[line 80, column 30]
2020-04-01 10:15:54,698 - Left side (${versionFieldName}) of '==' operation has null value. If it is a reference, it may not be in the context or its toString() returned null. /templates/entity.java.vm[line 76, column 26]
2020-04-01 10:15:54,698 - Left side (${logicDeleteFieldName}) of '==' operation has null value. If it is a reference, it may not be in the context or its toString() returned null. /templates/entity.java.vm[line 80, column 30]
2020-04-01 10:15:54,715 - ResourceManager : found /templates/mapper.java.vm with loader org.apache.velocity.runtime.resource.loader.ClasspathResourceLoader
2020-04-01 10:15:54,736 - ResourceManager : found /templates/mapper.xml.vm with loader org.apache.velocity.runtime.resource.loader.ClasspathResourceLoader
2020-04-01 10:15:54,765 - ResourceManager : found /templates/service.java.vm with loader org.apache.velocity.runtime.resource.loader.ClasspathResourceLoader
2020-04-01 10:15:54,780 - ResourceManager : found /templates/serviceImpl.java.vm with loader org.apache.velocity.runtime.resource.loader.ClasspathResourceLoader
2020-04-01 10:15:54,810 - ResourceManager : found /templates/controller.java.vm with loader org.apache.velocity.runtime.resource.loader.ClasspathResourceLoader
2020-04-01 10:17:08,781 - Log4JLogChute initialized using file 'velocity.log'
2020-04-01 10:17:08,781 - Initializing Velocity, Calling init()...
2020-04-01 10:17:08,781 - Starting Apache Velocity v1.7 (compiled: 2010-11-19 12:14:37)
2020-04-01 10:17:08,781 - Default Properties File: org\apache\velocity\runtime\defaults\velocity.properties
2020-04-01 10:17:08,781 - Trying to use logger class org.apache.velocity.runtime.log.AvalonLogChute
2020-04-01 10:17:08,781 - Target log system for org.apache.velocity.runtime.log.AvalonLogChute is not available (java.lang.NoClassDefFoundError: org/apache/log/format/Formatter).  Falling back to next log system...
2020-04-01 10:17:08,781 - Trying to use logger class org.apache.velocity.runtime.log.Log4JLogChute
2020-04-01 10:17:08,781 - Using logger class org.apache.velocity.runtime.log.Log4JLogChute
2020-04-01 10:17:08,786 - ResourceLoader instantiated: org.apache.velocity.runtime.resource.loader.ClasspathResourceLoader
2020-04-01 10:17:08,794 - ResourceCache: initialized (class org.apache.velocity.runtime.resource.ResourceCacheImpl) with class java.util.Collections$SynchronizedMap cache map.
2020-04-01 10:17:08,795 - Loaded System Directive: org.apache.velocity.runtime.directive.Stop
2020-04-01 10:17:08,795 - Loaded System Directive: org.apache.velocity.runtime.directive.Define
2020-04-01 10:17:08,796 - Loaded System Directive: org.apache.velocity.runtime.directive.Break
2020-04-01 10:17:08,796 - Loaded System Directive: org.apache.velocity.runtime.directive.Evaluate
2020-04-01 10:17:08,796 - Loaded System Directive: org.apache.velocity.runtime.directive.Literal
2020-04-01 10:17:08,797 - Loaded System Directive: org.apache.velocity.runtime.directive.Macro
2020-04-01 10:17:08,798 - Loaded System Directive: org.apache.velocity.runtime.directive.Parse
2020-04-01 10:17:08,799 - Loaded System Directive: org.apache.velocity.runtime.directive.Include
2020-04-01 10:17:08,801 - Loaded System Directive: org.apache.velocity.runtime.directive.Foreach
2020-04-01 10:17:08,822 - Created '20' parsers.
2020-04-01 10:17:08,825 - Velocimacro : "velocimacro.library" is not set.  Trying default library: VM_global_library.vm
2020-04-01 10:17:08,826 - Could not load resource 'VM_global_library.vm' from ResourceLoader org.apache.velocity.runtime.resource.loader.ClasspathResourceLoader: ClasspathResourceLoader Error: cannot find resource VM_global_library.vm
2020-04-01 10:17:08,826 - Velocimacro : Default library not found.
2020-04-01 10:17:08,826 - Velocimacro : allowInline = true : VMs can be defined inline in templates
2020-04-01 10:17:08,826 - Velocimacro : allowInlineToOverride = false : VMs defined inline may NOT replace previous VM definitions
2020-04-01 10:17:08,826 - Velocimacro : allowInlineLocal = false : VMs defined inline will be global in scope if allowed.
2020-04-01 10:17:08,826 - Velocimacro : autoload off : VM system will not automatically reload global library macros
2020-04-01 10:17:08,843 - ResourceManager : found /templates/entity.java.vm with loader org.apache.velocity.runtime.resource.loader.ClasspathResourceLoader
2020-04-01 10:17:08,850 - Left side (${versionFieldName}) of '==' operation has null value. If it is a reference, it may not be in the context or its toString() returned null. /templates/entity.java.vm[line 76, column 26]
2020-04-01 10:17:08,850 - Left side (${logicDeleteFieldName}) of '==' operation has null value. If it is a reference, it may not be in the context or its toString() returned null. /templates/entity.java.vm[line 80, column 30]
2020-04-01 10:17:08,850 - Left side (${versionFieldName}) of '==' operation has null value. If it is a reference, it may not be in the context or its toString() returned null. /templates/entity.java.vm[line 76, column 26]
2020-04-01 10:17:08,850 - Left side (${logicDeleteFieldName}) of '==' operation has null value. If it is a reference, it may not be in the context or its toString() returned null. /templates/entity.java.vm[line 80, column 30]
2020-04-01 10:17:08,850 - Left side (${versionFieldName}) of '==' operation has null value. If it is a reference, it may not be in the context or its toString() returned null. /templates/entity.java.vm[line 76, column 26]
2020-04-01 10:17:08,850 - Left side (${logicDeleteFieldName}) of '==' operation has null value. If it is a reference, it may not be in the context or its toString() returned null. /templates/entity.java.vm[line 80, column 30]
2020-04-01 10:17:08,859 - ResourceManager : found /templates/mapper.java.vm with loader org.apache.velocity.runtime.resource.loader.ClasspathResourceLoader
2020-04-01 10:17:08,868 - ResourceManager : found /templates/mapper.xml.vm with loader org.apache.velocity.runtime.resource.loader.ClasspathResourceLoader
2020-04-01 10:17:08,873 - ResourceManager : found /templates/service.java.vm with loader org.apache.velocity.runtime.resource.loader.ClasspathResourceLoader
2020-04-01 10:17:08,875 - ResourceManager : found /templates/serviceImpl.java.vm with loader org.apache.velocity.runtime.resource.loader.ClasspathResourceLoader
2020-04-01 10:17:08,879 - ResourceManager : found /templates/controller.java.vm with loader org.apache.velocity.runtime.resource.loader.ClasspathResourceLoader
2020-04-07 22:16:19,555 - Log4JLogChute initialized using file 'velocity.log'
2020-04-07 22:16:19,556 - Initializing Velocity, Calling init()...
2020-04-07 22:16:19,556 - Starting Apache Velocity v1.7 (compiled: 2010-11-19 12:14:37)
2020-04-07 22:16:19,556 - Default Properties File: org\apache\velocity\runtime\defaults\velocity.properties
2020-04-07 22:16:19,556 - Trying to use logger class org.apache.velocity.runtime.log.AvalonLogChute
2020-04-07 22:16:19,556 - Target log system for org.apache.velocity.runtime.log.AvalonLogChute is not available (java.lang.NoClassDefFoundError: org/apache/log/format/Formatter).  Falling back to next log system...
2020-04-07 22:16:19,556 - Trying to use logger class org.apache.velocity.runtime.log.Log4JLogChute
2020-04-07 22:16:19,556 - Using logger class org.apache.velocity.runtime.log.Log4JLogChute
2020-04-07 22:16:19,558 - ResourceLoader instantiated: org.apache.velocity.runtime.resource.loader.ClasspathResourceLoader
2020-04-07 22:16:19,567 - ResourceCache: initialized (class org.apache.velocity.runtime.resource.ResourceCacheImpl) with class java.util.Collections$SynchronizedMap cache map.
2020-04-07 22:16:19,568 - Loaded System Directive: org.apache.velocity.runtime.directive.Stop
2020-04-07 22:16:19,568 - Loaded System Directive: org.apache.velocity.runtime.directive.Define
2020-04-07 22:16:19,569 - Loaded System Directive: org.apache.velocity.runtime.directive.Break
2020-04-07 22:16:19,569 - Loaded System Directive: org.apache.velocity.runtime.directive.Evaluate
2020-04-07 22:16:19,569 - Loaded System Directive: org.apache.velocity.runtime.directive.Literal
2020-04-07 22:16:19,570 - Loaded System Directive: org.apache.velocity.runtime.directive.Macro
2020-04-07 22:16:19,571 - Loaded System Directive: org.apache.velocity.runtime.directive.Parse
2020-04-07 22:16:19,572 - Loaded System Directive: org.apache.velocity.runtime.directive.Include
2020-04-07 22:16:19,572 - Loaded System Directive: org.apache.velocity.runtime.directive.Foreach
2020-04-07 22:16:19,591 - Created '20' parsers.
2020-04-07 22:16:19,594 - Velocimacro : "velocimacro.library" is not set.  Trying default library: VM_global_library.vm
2020-04-07 22:16:19,594 - Could not load resource 'VM_global_library.vm' from ResourceLoader org.apache.velocity.runtime.resource.loader.ClasspathResourceLoader: ClasspathResourceLoader Error: cannot find resource VM_global_library.vm
2020-04-07 22:16:19,594 - Velocimacro : Default library not found.
2020-04-07 22:16:19,594 - Velocimacro : allowInline = true : VMs can be defined inline in templates
2020-04-07 22:16:19,594 - Velocimacro : allowInlineToOverride = false : VMs defined inline may NOT replace previous VM definitions
2020-04-07 22:16:19,594 - Velocimacro : allowInlineLocal = false : VMs defined inline will be global in scope if allowed.
2020-04-07 22:16:19,594 - Velocimacro : autoload off : VM system will not automatically reload global library macros
2020-04-07 22:16:19,613 - ResourceManager : found /templates/entity.java.vm with loader org.apache.velocity.runtime.resource.loader.ClasspathResourceLoader
2020-04-07 22:16:19,620 - Left side (${versionFieldName}) of '==' operation has null value. If it is a reference, it may not be in the context or its toString() returned null. /templates/entity.java.vm[line 76, column 26]
2020-04-07 22:16:19,620 - Left side (${logicDeleteFieldName}) of '==' operation has null value. If it is a reference, it may not be in the context or its toString() returned null. /templates/entity.java.vm[line 80, column 30]
2020-04-07 22:16:19,620 - Left side (${versionFieldName}) of '==' operation has null value. If it is a reference, it may not be in the context or its toString() returned null. /templates/entity.java.vm[line 76, column 26]
2020-04-07 22:16:19,620 - Left side (${logicDeleteFieldName}) of '==' operation has null value. If it is a reference, it may not be in the context or its toString() returned null. /templates/entity.java.vm[line 80, column 30]
2020-04-07 22:16:19,626 - ResourceManager : found /templates/mapper.java.vm with loader org.apache.velocity.runtime.resource.loader.ClasspathResourceLoader
2020-04-07 22:16:19,629 - ResourceManager : found /templates/mapper.xml.vm with loader org.apache.velocity.runtime.resource.loader.ClasspathResourceLoader
2020-04-07 22:16:19,632 - ResourceManager : found /templates/service.java.vm with loader org.apache.velocity.runtime.resource.loader.ClasspathResourceLoader
2020-04-07 22:16:19,636 - ResourceManager : found /templates/serviceImpl.java.vm with loader org.apache.velocity.runtime.resource.loader.ClasspathResourceLoader
2020-04-07 22:16:19,639 - ResourceManager : found /templates/controller.java.vm with loader org.apache.velocity.runtime.resource.loader.ClasspathResourceLoader
2020-04-07 22:16:19,644 - ResourceManager : found /templates/entity.java.vm with loader org.apache.velocity.runtime.resource.loader.ClasspathResourceLoader
2020-04-07 22:16:19,645 - Left side (${versionFieldName}) of '==' operation has null value. If it is a reference, it may not be in the context or its toString() returned null. /templates/entity.java.vm[line 76, column 26]
2020-04-07 22:16:19,645 - Left side (${logicDeleteFieldName}) of '==' operation has null value. If it is a reference, it may not be in the context or its toString() returned null. /templates/entity.java.vm[line 80, column 30]
2020-04-07 22:16:19,645 - Left side (${versionFieldName}) of '==' operation has null value. If it is a reference, it may not be in the context or its toString() returned null. /templates/entity.java.vm[line 76, column 26]
2020-04-07 22:16:19,645 - Left side (${logicDeleteFieldName}) of '==' operation has null value. If it is a reference, it may not be in the context or its toString() returned null. /templates/entity.java.vm[line 80, column 30]
2020-04-07 22:16:19,645 - Left side (${versionFieldName}) of '==' operation has null value. If it is a reference, it may not be in the context or its toString() returned null. /templates/entity.java.vm[line 76, column 26]
2020-04-07 22:16:19,645 - Left side (${logicDeleteFieldName}) of '==' operation has null value. If it is a reference, it may not be in the context or its toString() returned null. /templates/entity.java.vm[line 80, column 30]
2020-04-07 22:16:19,645 - Left side (${versionFieldName}) of '==' operation has null value. If it is a reference, it may not be in the context or its toString() returned null. /templates/entity.java.vm[line 76, column 26]
2020-04-07 22:16:19,646 - Left side (${logicDeleteFieldName}) of '==' operation has null value. If it is a reference, it may not be in the context or its toString() returned null. /templates/entity.java.vm[line 80, column 30]
2020-04-07 22:16:19,646 - Left side (${versionFieldName}) of '==' operation has null value. If it is a reference, it may not be in the context or its toString() returned null. /templates/entity.java.vm[line 76, column 26]
2020-04-07 22:16:19,646 - Left side (${logicDeleteFieldName}) of '==' operation has null value. If it is a reference, it may not be in the context or its toString() returned null. /templates/entity.java.vm[line 80, column 30]
2020-04-07 22:16:19,650 - ResourceManager : found /templates/mapper.java.vm with loader org.apache.velocity.runtime.resource.loader.ClasspathResourceLoader
2020-04-07 22:16:19,654 - ResourceManager : found /templates/mapper.xml.vm with loader org.apache.velocity.runtime.resource.loader.ClasspathResourceLoader
2020-04-07 22:16:19,656 - ResourceManager : found /templates/service.java.vm with loader org.apache.velocity.runtime.resource.loader.ClasspathResourceLoader
2020-04-07 22:16:19,659 - ResourceManager : found /templates/serviceImpl.java.vm with loader org.apache.velocity.runtime.resource.loader.ClasspathResourceLoader
2020-04-07 22:16:19,661 - ResourceManager : found /templates/controller.java.vm with loader org.apache.velocity.runtime.resource.loader.ClasspathResourceLoader
2020-04-07 22:16:19,665 - ResourceManager : found /templates/entity.java.vm with loader org.apache.velocity.runtime.resource.loader.ClasspathResourceLoader
2020-04-07 22:16:19,666 - Left side (${versionFieldName}) of '==' operation has null value. If it is a reference, it may not be in the context or its toString() returned null. /templates/entity.java.vm[line 76, column 26]
2020-04-07 22:16:19,666 - Left side (${logicDeleteFieldName}) of '==' operation has null value. If it is a reference, it may not be in the context or its toString() returned null. /templates/entity.java.vm[line 80, column 30]
2020-04-07 22:16:19,666 - Left side (${versionFieldName}) of '==' operation has null value. If it is a reference, it may not be in the context or its toString() returned null. /templates/entity.java.vm[line 76, column 26]
2020-04-07 22:16:19,666 - Left side (${logicDeleteFieldName}) of '==' operation has null value. If it is a reference, it may not be in the context or its toString() returned null. /templates/entity.java.vm[line 80, column 30]
2020-04-07 22:16:19,670 - ResourceManager : found /templates/mapper.java.vm with loader org.apache.velocity.runtime.resource.loader.ClasspathResourceLoader
2020-04-07 22:16:19,673 - ResourceManager : found /templates/mapper.xml.vm with loader org.apache.velocity.runtime.resource.loader.ClasspathResourceLoader
2020-04-07 22:16:19,674 - ResourceManager : found /templates/service.java.vm with loader org.apache.velocity.runtime.resource.loader.ClasspathResourceLoader
2020-04-07 22:16:19,677 - ResourceManager : found /templates/serviceImpl.java.vm with loader org.apache.velocity.runtime.resource.loader.ClasspathResourceLoader
2020-04-07 22:16:19,679 - ResourceManager : found /templates/controller.java.vm with loader org.apache.velocity.runtime.resource.loader.ClasspathResourceLoader
2020-04-07 22:16:19,684 - ResourceManager : found /templates/entity.java.vm with loader org.apache.velocity.runtime.resource.loader.ClasspathResourceLoader
2020-04-07 22:16:19,685 - Left side (${versionFieldName}) of '==' operation has null value. If it is a reference, it may not be in the context or its toString() returned null. /templates/entity.java.vm[line 76, column 26]
2020-04-07 22:16:19,685 - Left side (${logicDeleteFieldName}) of '==' operation has null value. If it is a reference, it may not be in the context or its toString() returned null. /templates/entity.java.vm[line 80, column 30]
2020-04-07 22:16:19,686 - Left side (${versionFieldName}) of '==' operation has null value. If it is a reference, it may not be in the context or its toString() returned null. /templates/entity.java.vm[line 76, column 26]
2020-04-07 22:16:19,686 - Left side (${logicDeleteFieldName}) of '==' operation has null value. If it is a reference, it may not be in the context or its toString() returned null. /templates/entity.java.vm[line 80, column 30]
2020-04-07 22:16:19,686 - Left side (${versionFieldName}) of '==' operation has null value. If it is a reference, it may not be in the context or its toString() returned null. /templates/entity.java.vm[line 76, column 26]
2020-04-07 22:16:19,686 - Left side (${logicDeleteFieldName}) of '==' operation has null value. If it is a reference, it may not be in the context or its toString() returned null. /templates/entity.java.vm[line 80, column 30]
2020-04-07 22:16:19,686 - Left side (${versionFieldName}) of '==' operation has null value. If it is a reference, it may not be in the context or its toString() returned null. /templates/entity.java.vm[line 76, column 26]
2020-04-07 22:16:19,686 - Left side (${logicDeleteFieldName}) of '==' operation has null value. If it is a reference, it may not be in the context or its toString() returned null. /templates/entity.java.vm[line 80, column 30]
2020-04-07 22:16:19,686 - Left side (${versionFieldName}) of '==' operation has null value. If it is a reference, it may not be in the context or its toString() returned null. /templates/entity.java.vm[line 76, column 26]
2020-04-07 22:16:19,686 - Left side (${logicDeleteFieldName}) of '==' operation has null value. If it is a reference, it may not be in the context or its toString() returned null. /templates/entity.java.vm[line 80, column 30]
2020-04-07 22:16:19,690 - ResourceManager : found /templates/mapper.java.vm with loader org.apache.velocity.runtime.resource.loader.ClasspathResourceLoader
2020-04-07 22:16:19,693 - ResourceManager : found /templates/mapper.xml.vm with loader org.apache.velocity.runtime.resource.loader.ClasspathResourceLoader
2020-04-07 22:16:19,695 - ResourceManager : found /templates/service.java.vm with loader org.apache.velocity.runtime.resource.loader.ClasspathResourceLoader
2020-04-07 22:16:19,697 - ResourceManager : found /templates/serviceImpl.java.vm with loader org.apache.velocity.runtime.resource.loader.ClasspathResourceLoader
2020-04-07 22:16:19,700 - ResourceManager : found /templates/controller.java.vm with loader org.apache.velocity.runtime.resource.loader.ClasspathResourceLoader
2020-04-07 22:16:19,704 - ResourceManager : found /templates/entity.java.vm with loader org.apache.velocity.runtime.resource.loader.ClasspathResourceLoader
2020-04-07 22:16:19,705 - Left side (${versionFieldName}) of '==' operation has null value. If it is a reference, it may not be in the context or its toString() returned null. /templates/entity.java.vm[line 76, column 26]
2020-04-07 22:16:19,705 - Left side (${logicDeleteFieldName}) of '==' operation has null value. If it is a reference, it may not be in the context or its toString() returned null. /templates/entity.java.vm[line 80, column 30]
2020-04-07 22:16:19,705 - Left side (${versionFieldName}) of '==' operation has null value. If it is a reference, it may not be in the context or its toString() returned null. /templates/entity.java.vm[line 76, column 26]
2020-04-07 22:16:19,705 - Left side (${logicDeleteFieldName}) of '==' operation has null value. If it is a reference, it may not be in the context or its toString() returned null. /templates/entity.java.vm[line 80, column 30]
2020-04-07 22:16:19,706 - Left side (${versionFieldName}) of '==' operation has null value. If it is a reference, it may not be in the context or its toString() returned null. /templates/entity.java.vm[line 76, column 26]
2020-04-07 22:16:19,706 - Left side (${logicDeleteFieldName}) of '==' operation has null value. If it is a reference, it may not be in the context or its toString() returned null. /templates/entity.java.vm[line 80, column 30]
2020-04-07 22:16:19,706 - Left side (${versionFieldName}) of '==' operation has null value. If it is a reference, it may not be in the context or its toString() returned null. /templates/entity.java.vm[line 76, column 26]
2020-04-07 22:16:19,706 - Left side (${logicDeleteFieldName}) of '==' operation has null value. If it is a reference, it may not be in the context or its toString() returned null. /templates/entity.java.vm[line 80, column 30]
2020-04-07 22:16:19,709 - ResourceManager : found /templates/mapper.java.vm with loader org.apache.velocity.runtime.resource.loader.ClasspathResourceLoader
2020-04-07 22:16:19,712 - ResourceManager : found /templates/mapper.xml.vm with loader org.apache.velocity.runtime.resource.loader.ClasspathResourceLoader
2020-04-07 22:16:19,713 - ResourceManager : found /templates/service.java.vm with loader org.apache.velocity.runtime.resource.loader.ClasspathResourceLoader
2020-04-07 22:16:19,716 - ResourceManager : found /templates/serviceImpl.java.vm with loader org.apache.velocity.runtime.resource.loader.ClasspathResourceLoader
2020-04-07 22:16:19,718 - ResourceManager : found /templates/controller.java.vm with loader org.apache.velocity.runtime.resource.loader.ClasspathResourceLoader
2020-04-07 22:16:19,722 - ResourceManager : found /templates/entity.java.vm with loader org.apache.velocity.runtime.resource.loader.ClasspathResourceLoader
2020-04-07 22:16:19,723 - Left side (${versionFieldName}) of '==' operation has null value. If it is a reference, it may not be in the context or its toString() returned null. /templates/entity.java.vm[line 76, column 26]
2020-04-07 22:16:19,723 - Left side (${logicDeleteFieldName}) of '==' operation has null value. If it is a reference, it may not be in the context or its toString() returned null. /templates/entity.java.vm[line 80, column 30]
2020-04-07 22:16:19,723 - Left side (${versionFieldName}) of '==' operation has null value. If it is a reference, it may not be in the context or its toString() returned null. /templates/entity.java.vm[line 76, column 26]
2020-04-07 22:16:19,723 - Left side (${logicDeleteFieldName}) of '==' operation has null value. If it is a reference, it may not be in the context or its toString() returned null. /templates/entity.java.vm[line 80, column 30]
2020-04-07 22:16:19,727 - ResourceManager : found /templates/mapper.java.vm with loader org.apache.velocity.runtime.resource.loader.ClasspathResourceLoader
2020-04-07 22:16:19,729 - ResourceManager : found /templates/mapper.xml.vm with loader org.apache.velocity.runtime.resource.loader.ClasspathResourceLoader
2020-04-07 22:16:19,731 - ResourceManager : found /templates/service.java.vm with loader org.apache.velocity.runtime.resource.loader.ClasspathResourceLoader
2020-04-07 22:16:19,734 - ResourceManager : found /templates/serviceImpl.java.vm with loader org.apache.velocity.runtime.resource.loader.ClasspathResourceLoader
2020-04-07 22:16:19,736 - ResourceManager : found /templates/controller.java.vm with loader org.apache.velocity.runtime.resource.loader.ClasspathResourceLoader
2020-04-07 22:16:19,740 - ResourceManager : found /templates/entity.java.vm with loader org.apache.velocity.runtime.resource.loader.ClasspathResourceLoader
2020-04-07 22:16:19,741 - Left side (${versionFieldName}) of '==' operation has null value. If it is a reference, it may not be in the context or its toString() returned null. /templates/entity.java.vm[line 76, column 26]
2020-04-07 22:16:19,741 - Left side (${logicDeleteFieldName}) of '==' operation has null value. If it is a reference, it may not be in the context or its toString() returned null. /templates/entity.java.vm[line 80, column 30]
2020-04-07 22:16:19,741 - Left side (${versionFieldName}) of '==' operation has null value. If it is a reference, it may not be in the context or its toString() returned null. /templates/entity.java.vm[line 76, column 26]
2020-04-07 22:16:19,741 - Left side (${logicDeleteFieldName}) of '==' operation has null value. If it is a reference, it may not be in the context or its toString() returned null. /templates/entity.java.vm[line 80, column 30]
2020-04-07 22:16:19,745 - ResourceManager : found /templates/mapper.java.vm with loader org.apache.velocity.runtime.resource.loader.ClasspathResourceLoader
2020-04-07 22:16:19,747 - ResourceManager : found /templates/mapper.xml.vm with loader org.apache.velocity.runtime.resource.loader.ClasspathResourceLoader
2020-04-07 22:16:19,748 - ResourceManager : found /templates/service.java.vm with loader org.apache.velocity.runtime.resource.loader.ClasspathResourceLoader
2020-04-07 22:16:19,750 - ResourceManager : found /templates/serviceImpl.java.vm with loader org.apache.velocity.runtime.resource.loader.ClasspathResourceLoader
2020-04-07 22:16:19,752 - ResourceManager : found /templates/controller.java.vm with loader org.apache.velocity.runtime.resource.loader.ClasspathResourceLoader
2020-04-07 22:16:19,754 - ResourceManager : found /templates/entity.java.vm with loader org.apache.velocity.runtime.resource.loader.ClasspathResourceLoader
2020-04-07 22:16:19,755 - Left side (${versionFieldName}) of '==' operation has null value. If it is a reference, it may not be in the context or its toString() returned null. /templates/entity.java.vm[line 76, column 26]
2020-04-07 22:16:19,755 - Left side (${logicDeleteFieldName}) of '==' operation has null value. If it is a reference, it may not be in the context or its toString() returned null. /templates/entity.java.vm[line 80, column 30]
2020-04-07 22:16:19,755 - Left side (${versionFieldName}) of '==' operation has null value. If it is a reference, it may not be in the context or its toString() returned null. /templates/entity.java.vm[line 76, column 26]
2020-04-07 22:16:19,755 - Left side (${logicDeleteFieldName}) of '==' operation has null value. If it is a reference, it may not be in the context or its toString() returned null. /templates/entity.java.vm[line 80, column 30]
2020-04-07 22:16:19,755 - Left side (${versionFieldName}) of '==' operation has null value. If it is a reference, it may not be in the context or its toString() returned null. /templates/entity.java.vm[line 76, column 26]
2020-04-07 22:16:19,755 - Left side (${logicDeleteFieldName}) of '==' operation has null value. If it is a reference, it may not be in the context or its toString() returned null. /templates/entity.java.vm[line 80, column 30]
2020-04-07 22:16:19,755 - Left side (${versionFieldName}) of '==' operation has null value. If it is a reference, it may not be in the context or its toString() returned null. /templates/entity.java.vm[line 76, column 26]
2020-04-07 22:16:19,755 - Left side (${logicDeleteFieldName}) of '==' operation has null value. If it is a reference, it may not be in the context or its toString() returned null. /templates/entity.java.vm[line 80, column 30]
2020-04-07 22:16:19,755 - Left side (${versionFieldName}) of '==' operation has null value. If it is a reference, it may not be in the context or its toString() returned null. /templates/entity.java.vm[line 76, column 26]
2020-04-07 22:16:19,756 - Left side (${logicDeleteFieldName}) of '==' operation has null value. If it is a reference, it may not be in the context or its toString() returned null. /templates/entity.java.vm[line 80, column 30]
2020-04-07 22:16:19,756 - Left side (${versionFieldName}) of '==' operation has null value. If it is a reference, it may not be in the context or its toString() returned null. /templates/entity.java.vm[line 76, column 26]
2020-04-07 22:16:19,756 - Left side (${logicDeleteFieldName}) of '==' operation has null value. If it is a reference, it may not be in the context or its toString() returned null. /templates/entity.java.vm[line 80, column 30]
2020-04-07 22:16:19,758 - ResourceManager : found /templates/mapper.java.vm with loader org.apache.velocity.runtime.resource.loader.ClasspathResourceLoader
2020-04-07 22:16:19,760 - ResourceManager : found /templates/mapper.xml.vm with loader org.apache.velocity.runtime.resource.loader.ClasspathResourceLoader
2020-04-07 22:16:19,762 - ResourceManager : found /templates/service.java.vm with loader org.apache.velocity.runtime.resource.loader.ClasspathResourceLoader
2020-04-07 22:16:19,763 - ResourceManager : found /templates/serviceImpl.java.vm with loader org.apache.velocity.runtime.resource.loader.ClasspathResourceLoader
2020-04-07 22:16:19,765 - ResourceManager : found /templates/controller.java.vm with loader org.apache.velocity.runtime.resource.loader.ClasspathResourceLoader
2020-04-07 22:16:19,767 - ResourceManager : found /templates/entity.java.vm with loader org.apache.velocity.runtime.resource.loader.ClasspathResourceLoader
2020-04-07 22:16:19,768 - Left side (${versionFieldName}) of '==' operation has null value. If it is a reference, it may not be in the context or its toString() returned null. /templates/entity.java.vm[line 76, column 26]
2020-04-07 22:16:19,768 - Left side (${logicDeleteFieldName}) of '==' operation has null value. If it is a reference, it may not be in the context or its toString() returned null. /templates/entity.java.vm[line 80, column 30]
2020-04-07 22:16:19,768 - Left side (${versionFieldName}) of '==' operation has null value. If it is a reference, it may not be in the context or its toString() returned null. /templates/entity.java.vm[line 76, column 26]
2020-04-07 22:16:19,768 - Left side (${logicDeleteFieldName}) of '==' operation has null value. If it is a reference, it may not be in the context or its toString() returned null. /templates/entity.java.vm[line 80, column 30]
2020-04-07 22:16:19,768 - Left side (${versionFieldName}) of '==' operation has null value. If it is a reference, it may not be in the context or its toString() returned null. /templates/entity.java.vm[line 76, column 26]
2020-04-07 22:16:19,768 - Left side (${logicDeleteFieldName}) of '==' operation has null value. If it is a reference, it may not be in the context or its toString() returned null. /templates/entity.java.vm[line 80, column 30]
2020-04-07 22:16:19,768 - Left side (${versionFieldName}) of '==' operation has null value. If it is a reference, it may not be in the context or its toString() returned null. /templates/entity.java.vm[line 76, column 26]
2020-04-07 22:16:19,768 - Left side (${logicDeleteFieldName}) of '==' operation has null value. If it is a reference, it may not be in the context or its toString() returned null. /templates/entity.java.vm[line 80, column 30]
2020-04-07 22:16:19,768 - Left side (${versionFieldName}) of '==' operation has null value. If it is a reference, it may not be in the context or its toString() returned null. /templates/entity.java.vm[line 76, column 26]
2020-04-07 22:16:19,768 - Left side (${logicDeleteFieldName}) of '==' operation has null value. If it is a reference, it may not be in the context or its toString() returned null. /templates/entity.java.vm[line 80, column 30]
2020-04-07 22:16:19,772 - ResourceManager : found /templates/mapper.java.vm with loader org.apache.velocity.runtime.resource.loader.ClasspathResourceLoader
2020-04-07 22:16:19,774 - ResourceManager : found /templates/mapper.xml.vm with loader org.apache.velocity.runtime.resource.loader.ClasspathResourceLoader
2020-04-07 22:16:19,776 - ResourceManager : found /templates/service.java.vm with loader org.apache.velocity.runtime.resource.loader.ClasspathResourceLoader
2020-04-07 22:16:19,777 - ResourceManager : found /templates/serviceImpl.java.vm with loader org.apache.velocity.runtime.resource.loader.ClasspathResourceLoader
2020-04-07 22:16:19,779 - ResourceManager : found /templates/controller.java.vm with loader org.apache.velocity.runtime.resource.loader.ClasspathResourceLoader
2020-04-07 22:16:19,782 - ResourceManager : found /templates/entity.java.vm with loader org.apache.velocity.runtime.resource.loader.ClasspathResourceLoader
2020-04-07 22:16:19,782 - Left side (${versionFieldName}) of '==' operation has null value. If it is a reference, it may not be in the context or its toString() returned null. /templates/entity.java.vm[line 76, column 26]
2020-04-07 22:16:19,782 - Left side (${logicDeleteFieldName}) of '==' operation has null value. If it is a reference, it may not be in the context or its toString() returned null. /templates/entity.java.vm[line 80, column 30]
2020-04-07 22:16:19,782 - Left side (${versionFieldName}) of '==' operation has null value. If it is a reference, it may not be in the context or its toString() returned null. /templates/entity.java.vm[line 76, column 26]
2020-04-07 22:16:19,783 - Left side (${logicDeleteFieldName}) of '==' operation has null value. If it is a reference, it may not be in the context or its toString() returned null. /templates/entity.java.vm[line 80, column 30]
2020-04-07 22:16:19,783 - Left side (${versionFieldName}) of '==' operation has null value. If it is a reference, it may not be in the context or its toString() returned null. /templates/entity.java.vm[line 76, column 26]
2020-04-07 22:16:19,783 - Left side (${logicDeleteFieldName}) of '==' operation has null value. If it is a reference, it may not be in the context or its toString() returned null. /templates/entity.java.vm[line 80, column 30]
2020-04-07 22:16:19,783 - Left side (${versionFieldName}) of '==' operation has null value. If it is a reference, it may not be in the context or its toString() returned null. /templates/entity.java.vm[line 76, column 26]
2020-04-07 22:16:19,783 - Left side (${logicDeleteFieldName}) of '==' operation has null value. If it is a reference, it may not be in the context or its toString() returned null. /templates/entity.java.vm[line 80, column 30]
2020-04-07 22:16:19,783 - Left side (${versionFieldName}) of '==' operation has null value. If it is a reference, it may not be in the context or its toString() returned null. /templates/entity.java.vm[line 76, column 26]
2020-04-07 22:16:19,783 - Left side (${logicDeleteFieldName}) of '==' operation has null value. If it is a reference, it may not be in the context or its toString() returned null. /templates/entity.java.vm[line 80, column 30]
2020-04-07 22:16:19,786 - ResourceManager : found /templates/mapper.java.vm with loader org.apache.velocity.runtime.resource.loader.ClasspathResourceLoader
2020-04-07 22:16:19,788 - ResourceManager : found /templates/mapper.xml.vm with loader org.apache.velocity.runtime.resource.loader.ClasspathResourceLoader
2020-04-07 22:16:19,790 - ResourceManager : found /templates/service.java.vm with loader org.apache.velocity.runtime.resource.loader.ClasspathResourceLoader
2020-04-07 22:16:19,791 - ResourceManager : found /templates/serviceImpl.java.vm with loader org.apache.velocity.runtime.resource.loader.ClasspathResourceLoader
2020-04-07 22:16:19,793 - ResourceManager : found /templates/controller.java.vm with loader org.apache.velocity.runtime.resource.loader.ClasspathResourceLoader
2020-04-07 22:16:19,796 - ResourceManager : found /templates/entity.java.vm with loader org.apache.velocity.runtime.resource.loader.ClasspathResourceLoader
2020-04-07 22:16:19,797 - Left side (${versionFieldName}) of '==' operation has null value. If it is a reference, it may not be in the context or its toString() returned null. /templates/entity.java.vm[line 76, column 26]
2020-04-07 22:16:19,797 - Left side (${logicDeleteFieldName}) of '==' operation has null value. If it is a reference, it may not be in the context or its toString() returned null. /templates/entity.java.vm[line 80, column 30]
2020-04-07 22:16:19,797 - Left side (${versionFieldName}) of '==' operation has null value. If it is a reference, it may not be in the context or its toString() returned null. /templates/entity.java.vm[line 76, column 26]
2020-04-07 22:16:19,797 - Left side (${logicDeleteFieldName}) of '==' operation has null value. If it is a reference, it may not be in the context or its toString() returned null. /templates/entity.java.vm[line 80, column 30]
2020-04-07 22:16:19,797 - Left side (${versionFieldName}) of '==' operation has null value. If it is a reference, it may not be in the context or its toString() returned null. /templates/entity.java.vm[line 76, column 26]
2020-04-07 22:16:19,797 - Left side (${logicDeleteFieldName}) of '==' operation has null value. If it is a reference, it may not be in the context or its toString() returned null. /templates/entity.java.vm[line 80, column 30]
2020-04-07 22:16:19,797 - Left side (${versionFieldName}) of '==' operation has null value. If it is a reference, it may not be in the context or its toString() returned null. /templates/entity.java.vm[line 76, column 26]
2020-04-07 22:16:19,797 - Left side (${logicDeleteFieldName}) of '==' operation has null value. If it is a reference, it may not be in the context or its toString() returned null. /templates/entity.java.vm[line 80, column 30]
2020-04-07 22:16:19,797 - Left side (${versionFieldName}) of '==' operation has null value. If it is a reference, it may not be in the context or its toString() returned null. /templates/entity.java.vm[line 76, column 26]
2020-04-07 22:16:19,797 - Left side (${logicDeleteFieldName}) of '==' operation has null value. If it is a reference, it may not be in the context or its toString() returned null. /templates/entity.java.vm[line 80, column 30]
2020-04-07 22:16:19,800 - ResourceManager : found /templates/mapper.java.vm with loader org.apache.velocity.runtime.resource.loader.ClasspathResourceLoader
2020-04-07 22:16:19,801 - ResourceManager : found /templates/mapper.xml.vm with loader org.apache.velocity.runtime.resource.loader.ClasspathResourceLoader
2020-04-07 22:16:19,803 - ResourceManager : found /templates/service.java.vm with loader org.apache.velocity.runtime.resource.loader.ClasspathResourceLoader
2020-04-07 22:16:19,805 - ResourceManager : found /templates/serviceImpl.java.vm with loader org.apache.velocity.runtime.resource.loader.ClasspathResourceLoader
2020-04-07 22:16:19,806 - ResourceManager : found /templates/controller.java.vm with loader org.apache.velocity.runtime.resource.loader.ClasspathResourceLoader
2020-04-07 22:16:19,810 - ResourceManager : found /templates/entity.java.vm with loader org.apache.velocity.runtime.resource.loader.ClasspathResourceLoader
2020-04-07 22:16:19,811 - Left side (${versionFieldName}) of '==' operation has null value. If it is a reference, it may not be in the context or its toString() returned null. /templates/entity.java.vm[line 76, column 26]
2020-04-07 22:16:19,811 - Left side (${logicDeleteFieldName}) of '==' operation has null value. If it is a reference, it may not be in the context or its toString() returned null. /templates/entity.java.vm[line 80, column 30]
2020-04-07 22:16:19,815 - Left side (${versionFieldName}) of '==' operation has null value. If it is a reference, it may not be in the context or its toString() returned null. /templates/entity.java.vm[line 76, column 26]
2020-04-07 22:16:19,815 - Left side (${logicDeleteFieldName}) of '==' operation has null value. If it is a reference, it may not be in the context or its toString() returned null. /templates/entity.java.vm[line 80, column 30]
2020-04-07 22:16:19,815 - Left side (${versionFieldName}) of '==' operation has null value. If it is a reference, it may not be in the context or its toString() returned null. /templates/entity.java.vm[line 76, column 26]
2020-04-07 22:16:19,815 - Left side (${logicDeleteFieldName}) of '==' operation has null value. If it is a reference, it may not be in the context or its toString() returned null. /templates/entity.java.vm[line 80, column 30]
2020-04-07 22:16:19,815 - Left side (${versionFieldName}) of '==' operation has null value. If it is a reference, it may not be in the context or its toString() returned null. /templates/entity.java.vm[line 76, column 26]
2020-04-07 22:16:19,815 - Left side (${logicDeleteFieldName}) of '==' operation has null value. If it is a reference, it may not be in the context or its toString() returned null. /templates/entity.java.vm[line 80, column 30]
2020-04-07 22:16:19,815 - Left side (${versionFieldName}) of '==' operation has null value. If it is a reference, it may not be in the context or its toString() returned null. /templates/entity.java.vm[line 76, column 26]
2020-04-07 22:16:19,815 - Left side (${logicDeleteFieldName}) of '==' operation has null value. If it is a reference, it may not be in the context or its toString() returned null. /templates/entity.java.vm[line 80, column 30]
2020-04-07 22:16:19,815 - Left side (${versionFieldName}) of '==' operation has null value. If it is a reference, it may not be in the context or its toString() returned null. /templates/entity.java.vm[line 76, column 26]
2020-04-07 22:16:19,815 - Left side (${logicDeleteFieldName}) of '==' operation has null value. If it is a reference, it may not be in the context or its toString() returned null. /templates/entity.java.vm[line 80, column 30]
2020-04-07 22:16:19,815 - Left side (${versionFieldName}) of '==' operation has null value. If it is a reference, it may not be in the context or its toString() returned null. /templates/entity.java.vm[line 76, column 26]
2020-04-07 22:16:19,815 - Left side (${logicDeleteFieldName}) of '==' operation has null value. If it is a reference, it may not be in the context or its toString() returned null. /templates/entity.java.vm[line 80, column 30]
2020-04-07 22:16:19,815 - Left side (${versionFieldName}) of '==' operation has null value. If it is a reference, it may not be in the context or its toString() returned null. /templates/entity.java.vm[line 76, column 26]
2020-04-07 22:16:19,815 - Left side (${logicDeleteFieldName}) of '==' operation has null value. If it is a reference, it may not be in the context or its toString() returned null. /templates/entity.java.vm[line 80, column 30]
2020-04-07 22:16:19,815 - Left side (${versionFieldName}) of '==' operation has null value. If it is a reference, it may not be in the context or its toString() returned null. /templates/entity.java.vm[line 76, column 26]
2020-04-07 22:16:19,815 - Left side (${logicDeleteFieldName}) of '==' operation has null value. If it is a reference, it may not be in the context or its toString() returned null. /templates/entity.java.vm[line 80, column 30]
2020-04-07 22:16:19,815 - Left side (${versionFieldName}) of '==' operation has null value. If it is a reference, it may not be in the context or its toString() returned null. /templates/entity.java.vm[line 76, column 26]
2020-04-07 22:16:19,815 - Left side (${logicDeleteFieldName}) of '==' operation has null value. If it is a reference, it may not be in the context or its toString() returned null. /templates/entity.java.vm[line 80, column 30]
2020-04-07 22:16:19,815 - Left side (${versionFieldName}) of '==' operation has null value. If it is a reference, it may not be in the context or its toString() returned null. /templates/entity.java.vm[line 76, column 26]
2020-04-07 22:16:19,815 - Left side (${logicDeleteFieldName}) of '==' operation has null value. If it is a reference, it may not be in the context or its toString() returned null. /templates/entity.java.vm[line 80, column 30]
2020-04-07 22:16:19,815 - Left side (${versionFieldName}) of '==' operation has null value. If it is a reference, it may not be in the context or its toString() returned null. /templates/entity.java.vm[line 76, column 26]
2020-04-07 22:16:19,815 - Left side (${logicDeleteFieldName}) of '==' operation has null value. If it is a reference, it may not be in the context or its toString() returned null. /templates/entity.java.vm[line 80, column 30]
2020-04-07 22:16:19,816 - Left side (${versionFieldName}) of '==' operation has null value. If it is a reference, it may not be in the context or its toString() returned null. /templates/entity.java.vm[line 76, column 26]
2020-04-07 22:16:19,816 - Left side (${logicDeleteFieldName}) of '==' operation has null value. If it is a reference, it may not be in the context or its toString() returned null. /templates/entity.java.vm[line 80, column 30]
2020-04-07 22:16:19,816 - Left side (${versionFieldName}) of '==' operation has null value. If it is a reference, it may not be in the context or its toString() returned null. /templates/entity.java.vm[line 76, column 26]
2020-04-07 22:16:19,816 - Left side (${logicDeleteFieldName}) of '==' operation has null value. If it is a reference, it may not be in the context or its toString() returned null. /templates/entity.java.vm[line 80, column 30]
2020-04-07 22:16:19,816 - Left side (${versionFieldName}) of '==' operation has null value. If it is a reference, it may not be in the context or its toString() returned null. /templates/entity.java.vm[line 76, column 26]
2020-04-07 22:16:19,816 - Left side (${logicDeleteFieldName}) of '==' operation has null value. If it is a reference, it may not be in the context or its toString() returned null. /templates/entity.java.vm[line 80, column 30]
2020-04-07 22:16:19,816 - Left side (${versionFieldName}) of '==' operation has null value. If it is a reference, it may not be in the context or its toString() returned null. /templates/entity.java.vm[line 76, column 26]
2020-04-07 22:16:19,816 - Left side (${logicDeleteFieldName}) of '==' operation has null value. If it is a reference, it may not be in the context or its toString() returned null. /templates/entity.java.vm[line 80, column 30]
2020-04-07 22:16:19,816 - Left side (${versionFieldName}) of '==' operation has null value. If it is a reference, it may not be in the context or its toString() returned null. /templates/entity.java.vm[line 76, column 26]
2020-04-07 22:16:19,816 - Left side (${logicDeleteFieldName}) of '==' operation has null value. If it is a reference, it may not be in the context or its toString() returned null. /templates/entity.java.vm[line 80, column 30]
2020-04-07 22:16:19,816 - Left side (${versionFieldName}) of '==' operation has null value. If it is a reference, it may not be in the context or its toString() returned null. /templates/entity.java.vm[line 76, column 26]
2020-04-07 22:16:19,816 - Left side (${logicDeleteFieldName}) of '==' operation has null value. If it is a reference, it may not be in the context or its toString() returned null. /templates/entity.java.vm[line 80, column 30]
2020-04-07 22:16:19,816 - Left side (${versionFieldName}) of '==' operation has null value. If it is a reference, it may not be in the context or its toString() returned null. /templates/entity.java.vm[line 76, column 26]
2020-04-07 22:16:19,816 - Left side (${logicDeleteFieldName}) of '==' operation has null value. If it is a reference, it may not be in the context or its toString() returned null. /templates/entity.java.vm[line 80, column 30]
2020-04-07 22:16:19,820 - ResourceManager : found /templates/mapper.java.vm with loader org.apache.velocity.runtime.resource.loader.ClasspathResourceLoader
2020-04-07 22:16:19,822 - ResourceManager : found /templates/mapper.xml.vm with loader org.apache.velocity.runtime.resource.loader.ClasspathResourceLoader
2020-04-07 22:16:19,823 - ResourceManager : found /templates/service.java.vm with loader org.apache.velocity.runtime.resource.loader.ClasspathResourceLoader
2020-04-07 22:16:19,824 - ResourceManager : found /templates/serviceImpl.java.vm with loader org.apache.velocity.runtime.resource.loader.ClasspathResourceLoader
2020-04-07 22:16:19,826 - ResourceManager : found /templates/controller.java.vm with loader org.apache.velocity.runtime.resource.loader.ClasspathResourceLoader
2020-04-09 16:23:25,938 - Log4JLogChute initialized using file 'velocity.log'
2020-04-09 16:23:25,938 - Initializing Velocity, Calling init()...
2020-04-09 16:23:25,938 - Starting Apache Velocity v1.7 (compiled: 2010-11-19 12:14:37)
2020-04-09 16:23:25,938 - Default Properties File: org\apache\velocity\runtime\defaults\velocity.properties
2020-04-09 16:23:25,939 - Trying to use logger class org.apache.velocity.runtime.log.AvalonLogChute
2020-04-09 16:23:25,939 - Target log system for org.apache.velocity.runtime.log.AvalonLogChute is not available (java.lang.NoClassDefFoundError: org/apache/log/format/Formatter).  Falling back to next log system...
2020-04-09 16:23:25,939 - Trying to use logger class org.apache.velocity.runtime.log.Log4JLogChute
2020-04-09 16:23:25,939 - Using logger class org.apache.velocity.runtime.log.Log4JLogChute
2020-04-09 16:23:25,942 - ResourceLoader instantiated: org.apache.velocity.runtime.resource.loader.ClasspathResourceLoader
2020-04-09 16:23:25,953 - ResourceCache: initialized (class org.apache.velocity.runtime.resource.ResourceCacheImpl) with class java.util.Collections$SynchronizedMap cache map.
2020-04-09 16:23:25,954 - Loaded System Directive: org.apache.velocity.runtime.directive.Stop
2020-04-09 16:23:25,955 - Loaded System Directive: org.apache.velocity.runtime.directive.Define
2020-04-09 16:23:25,955 - Loaded System Directive: org.apache.velocity.runtime.directive.Break
2020-04-09 16:23:25,956 - Loaded System Directive: org.apache.velocity.runtime.directive.Evaluate
2020-04-09 16:23:25,957 - Loaded System Directive: org.apache.velocity.runtime.directive.Literal
2020-04-09 16:23:25,959 - Loaded System Directive: org.apache.velocity.runtime.directive.Macro
2020-04-09 16:23:25,960 - Loaded System Directive: org.apache.velocity.runtime.directive.Parse
2020-04-09 16:23:25,960 - Loaded System Directive: org.apache.velocity.runtime.directive.Include
2020-04-09 16:23:25,961 - Loaded System Directive: org.apache.velocity.runtime.directive.Foreach
2020-04-09 16:23:25,984 - Created '20' parsers.
2020-04-09 16:23:25,989 - Velocimacro : "velocimacro.library" is not set.  Trying default library: VM_global_library.vm
2020-04-09 16:23:25,990 - Could not load resource 'VM_global_library.vm' from ResourceLoader org.apache.velocity.runtime.resource.loader.ClasspathResourceLoader: ClasspathResourceLoader Error: cannot find resource VM_global_library.vm
2020-04-09 16:23:25,990 - Velocimacro : Default library not found.
2020-04-09 16:23:25,990 - Velocimacro : allowInline = true : VMs can be defined inline in templates
2020-04-09 16:23:25,990 - Velocimacro : allowInlineToOverride = false : VMs defined inline may NOT replace previous VM definitions
2020-04-09 16:23:25,990 - Velocimacro : allowInlineLocal = false : VMs defined inline will be global in scope if allowed.
2020-04-09 16:23:25,990 - Velocimacro : autoload off : VM system will not automatically reload global library macros
2020-04-09 16:23:26,010 - ResourceManager : found /templates/entity.java.vm with loader org.apache.velocity.runtime.resource.loader.ClasspathResourceLoader
2020-04-09 16:23:26,019 - Left side (${versionFieldName}) of '==' operation has null value. If it is a reference, it may not be in the context or its toString() returned null. /templates/entity.java.vm[line 76, column 26]
2020-04-09 16:23:26,019 - Left side (${logicDeleteFieldName}) of '==' operation has null value. If it is a reference, it may not be in the context or its toString() returned null. /templates/entity.java.vm[line 80, column 30]
2020-04-09 16:23:26,019 - Left side (${versionFieldName}) of '==' operation has null value. If it is a reference, it may not be in the context or its toString() returned null. /templates/entity.java.vm[line 76, column 26]
2020-04-09 16:23:26,019 - Left side (${logicDeleteFieldName}) of '==' operation has null value. If it is a reference, it may not be in the context or its toString() returned null. /templates/entity.java.vm[line 80, column 30]
2020-04-09 16:23:26,019 - Left side (${versionFieldName}) of '==' operation has null value. If it is a reference, it may not be in the context or its toString() returned null. /templates/entity.java.vm[line 76, column 26]
2020-04-09 16:23:26,019 - Left side (${logicDeleteFieldName}) of '==' operation has null value. If it is a reference, it may not be in the context or its toString() returned null. /templates/entity.java.vm[line 80, column 30]
2020-04-09 16:23:26,019 - Left side (${versionFieldName}) of '==' operation has null value. If it is a reference, it may not be in the context or its toString() returned null. /templates/entity.java.vm[line 76, column 26]
2020-04-09 16:23:26,019 - Left side (${logicDeleteFieldName}) of '==' operation has null value. If it is a reference, it may not be in the context or its toString() returned null. /templates/entity.java.vm[line 80, column 30]
2020-04-09 16:23:26,019 - Left side (${versionFieldName}) of '==' operation has null value. If it is a reference, it may not be in the context or its toString() returned null. /templates/entity.java.vm[line 76, column 26]
2020-04-09 16:23:26,020 - Left side (${logicDeleteFieldName}) of '==' operation has null value. If it is a reference, it may not be in the context or its toString() returned null. /templates/entity.java.vm[line 80, column 30]
2020-04-09 16:23:26,020 - Left side (${versionFieldName}) of '==' operation has null value. If it is a reference, it may not be in the context or its toString() returned null. /templates/entity.java.vm[line 76, column 26]
2020-04-09 16:23:26,020 - Left side (${logicDeleteFieldName}) of '==' operation has null value. If it is a reference, it may not be in the context or its toString() returned null. /templates/entity.java.vm[line 80, column 30]
2020-04-09 16:23:26,027 - ResourceManager : found /templates/mapper.java.vm with loader org.apache.velocity.runtime.resource.loader.ClasspathResourceLoader
2020-04-09 16:23:26,030 - ResourceManager : found /templates/mapper.xml.vm with loader org.apache.velocity.runtime.resource.loader.ClasspathResourceLoader
2020-04-09 16:23:26,046 - ResourceManager : found /templates/service.java.vm with loader org.apache.velocity.runtime.resource.loader.ClasspathResourceLoader
2020-04-09 16:23:26,051 - ResourceManager : found /templates/serviceImpl.java.vm with loader org.apache.velocity.runtime.resource.loader.ClasspathResourceLoader
2020-04-09 16:23:26,055 - ResourceManager : found /templates/controller.java.vm with loader org.apache.velocity.runtime.resource.loader.ClasspathResourceLoader
2020-04-21 09:27:22,968 - Log4JLogChute initialized using file 'velocity.log'
2020-04-21 09:27:22,968 - Initializing Velocity, Calling init()...
2020-04-21 09:27:22,968 - Starting Apache Velocity v1.7 (compiled: 2010-11-19 12:14:37)
2020-04-21 09:27:22,968 - Default Properties File: org\apache\velocity\runtime\defaults\velocity.properties
2020-04-21 09:27:22,968 - Trying to use logger class org.apache.velocity.runtime.log.AvalonLogChute
2020-04-21 09:27:22,968 - Target log system for org.apache.velocity.runtime.log.AvalonLogChute is not available (java.lang.NoClassDefFoundError: org/apache/log/format/Formatter).  Falling back to next log system...
2020-04-21 09:27:22,968 - Trying to use logger class org.apache.velocity.runtime.log.Log4JLogChute
2020-04-21 09:27:22,968 - Using logger class org.apache.velocity.runtime.log.Log4JLogChute
2020-04-21 09:27:22,972 - ResourceLoader instantiated: org.apache.velocity.runtime.resource.loader.ClasspathResourceLoader
2020-04-21 09:27:22,985 - ResourceCache: initialized (class org.apache.velocity.runtime.resource.ResourceCacheImpl) with class java.util.Collections$SynchronizedMap cache map.
2020-04-21 09:27:22,986 - Loaded System Directive: org.apache.velocity.runtime.directive.Stop
2020-04-21 09:27:22,989 - Loaded System Directive: org.apache.velocity.runtime.directive.Define
2020-04-21 09:27:22,989 - Loaded System Directive: org.apache.velocity.runtime.directive.Break
2020-04-21 09:27:22,990 - Loaded System Directive: org.apache.velocity.runtime.directive.Evaluate
2020-04-21 09:27:22,990 - Loaded System Directive: org.apache.velocity.runtime.directive.Literal
2020-04-21 09:27:22,991 - Loaded System Directive: org.apache.velocity.runtime.directive.Macro
2020-04-21 09:27:22,992 - Loaded System Directive: org.apache.velocity.runtime.directive.Parse
2020-04-21 09:27:22,993 - Loaded System Directive: org.apache.velocity.runtime.directive.Include
2020-04-21 09:27:22,994 - Loaded System Directive: org.apache.velocity.runtime.directive.Foreach
2020-04-21 09:27:23,015 - Created '20' parsers.
2020-04-21 09:27:23,020 - Velocimacro : "velocimacro.library" is not set.  Trying default library: VM_global_library.vm
2020-04-21 09:27:23,022 - Could not load resource 'VM_global_library.vm' from ResourceLoader org.apache.velocity.runtime.resource.loader.ClasspathResourceLoader: ClasspathResourceLoader Error: cannot find resource VM_global_library.vm
2020-04-21 09:27:23,022 - Velocimacro : Default library not found.
2020-04-21 09:27:23,022 - Velocimacro : allowInline = true : VMs can be defined inline in templates
2020-04-21 09:27:23,022 - Velocimacro : allowInlineToOverride = false : VMs defined inline may NOT replace previous VM definitions
2020-04-21 09:27:23,022 - Velocimacro : allowInlineLocal = false : VMs defined inline will be global in scope if allowed.
2020-04-21 09:27:23,022 - Velocimacro : autoload off : VM system will not automatically reload global library macros
2020-04-21 09:27:23,042 - ResourceManager : found /templates/entity.java.vm with loader org.apache.velocity.runtime.resource.loader.ClasspathResourceLoader
2020-04-21 09:27:23,060 - Left side (${versionFieldName}) of '==' operation has null value. If it is a reference, it may not be in the context or its toString() returned null. /templates/entity.java.vm[line 76, column 26]
2020-04-21 09:27:23,060 - Left side (${logicDeleteFieldName}) of '==' operation has null value. If it is a reference, it may not be in the context or its toString() returned null. /templates/entity.java.vm[line 80, column 30]
2020-04-21 09:27:23,060 - Left side (${versionFieldName}) of '==' operation has null value. If it is a reference, it may not be in the context or its toString() returned null. /templates/entity.java.vm[line 76, column 26]
2020-04-21 09:27:23,060 - Left side (${logicDeleteFieldName}) of '==' operation has null value. If it is a reference, it may not be in the context or its toString() returned null. /templates/entity.java.vm[line 80, column 30]
2020-04-21 09:27:23,060 - Left side (${versionFieldName}) of '==' operation has null value. If it is a reference, it may not be in the context or its toString() returned null. /templates/entity.java.vm[line 76, column 26]
2020-04-21 09:27:23,060 - Left side (${logicDeleteFieldName}) of '==' operation has null value. If it is a reference, it may not be in the context or its toString() returned null. /templates/entity.java.vm[line 80, column 30]
2020-04-21 09:27:23,067 - ResourceManager : found /templates/mapper.java.vm with loader org.apache.velocity.runtime.resource.loader.ClasspathResourceLoader
2020-04-21 09:27:23,072 - ResourceManager : found /templates/mapper.xml.vm with loader org.apache.velocity.runtime.resource.loader.ClasspathResourceLoader
2020-04-21 09:27:23,075 - ResourceManager : found /templates/service.java.vm with loader org.apache.velocity.runtime.resource.loader.ClasspathResourceLoader
2020-04-21 09:27:23,078 - ResourceManager : found /templates/serviceImpl.java.vm with loader org.apache.velocity.runtime.resource.loader.ClasspathResourceLoader
2020-04-21 09:27:23,081 - ResourceManager : found /templates/controller.java.vm with loader org.apache.velocity.runtime.resource.loader.ClasspathResourceLoader
